Using pre-set license
Built from '2021.2/staging' branch; Version is '2021.2.4f1 (99ba6aa4c552) revision 10074730'; Using compiler version '192829333'; Build Type 'Release'
OS: 'Windows 10 Pro; OS build 19042.1348; Version 2009; 64bit' Language: 'en' Physical Memory: 16307 MB
BatchMode: 1, IsHumanControllingUs: 0, StartBugReporterOnCrash: 0, Is64bit: 1, IsPro: 0

COMMAND LINE ARGUMENTS:
C:\Program Files\Unity\Hub\Editor\2021.2.4f1\Editor\Unity.exe
-adb2
-batchMode
-noUpm
-name
AssetImportWorker2
-projectPath
C:/Users/mcvan/Documents/GitHub/CatFish/cheryl
-logFile
Logs/AssetImportWorker2.log
-srvPort
64353
Successfully changed project path to: C:/Users/mcvan/Documents/GitHub/CatFish/cheryl
C:/Users/mcvan/Documents/GitHub/CatFish/cheryl
[UnityMemory] Configuration Parameters - Can be set up in boot.config
    "memorysetup-bucket-allocator-granularity=16"
    "memorysetup-bucket-allocator-bucket-count=8"
    "memorysetup-bucket-allocator-block-size=33554432"
    "memorysetup-bucket-allocator-block-count=8"
    "memorysetup-main-allocator-block-size=16777216"
    "memorysetup-thread-allocator-block-size=16777216"
    "memorysetup-gfx-main-allocator-block-size=16777216"
    "memorysetup-gfx-thread-allocator-block-size=16777216"
    "memorysetup-cache-allocator-block-size=4194304"
    "memorysetup-typetree-allocator-block-size=2097152"
    "memorysetup-profiler-bucket-allocator-granularity=16"
    "memorysetup-profiler-bucket-allocator-bucket-count=8"
    "memorysetup-profiler-bucket-allocator-block-size=33554432"
    "memorysetup-profiler-bucket-allocator-block-count=8"
    "memorysetup-profiler-allocator-block-size=16777216"
    "memorysetup-profiler-editor-allocator-block-size=1048576"
    "memorysetup-temp-allocator-size-main=16777216"
    "memorysetup-job-temp-allocator-block-size=2097152"
    "memorysetup-job-temp-allocator-block-size-background=1048576"
    "memorysetup-job-temp-allocator-reduction-small-platforms=262144"
    "memorysetup-temp-allocator-size-background-worker=32768"
    "memorysetup-temp-allocator-size-job-worker=262144"
    "memorysetup-temp-allocator-size-preload-manager=33554432"
    "memorysetup-temp-allocator-size-nav-mesh-worker=65536"
    "memorysetup-temp-allocator-size-audio-worker=65536"
    "memorysetup-temp-allocator-size-cloud-worker=32768"
    "memorysetup-temp-allocator-size-gi-baking-worker=262144"
    "memorysetup-temp-allocator-size-gfx=262144"
Refreshing native plugins compatible for Editor in 80.44 ms, found 3 plugins.
Preloading 0 native plugins for Editor in 0.00 ms.
Initialize engine version: 2021.2.4f1 (99ba6aa4c552)
[Subsystems] Discovering subsystems at path C:/Program Files/Unity/Hub/Editor/2021.2.4f1/Editor/Data/Resources/UnitySubsystems
[Subsystems] Discovering subsystems at path C:/Users/mcvan/Documents/GitHub/CatFish/cheryl/Assets
GfxDevice: creating device client; threaded=0; jobified=0
Direct3D:
    Version:  Direct3D 11.0 [level 11.1]
    Renderer: NVIDIA GeForce GTX 1070 (ID=0x1b81)
    Vendor:   NVIDIA
    VRAM:     8088 MB
    Driver:   27.21.14.6140
Initialize mono
Mono path[0] = 'C:/Program Files/Unity/Hub/Editor/2021.2.4f1/Editor/Data/Managed'
Mono path[1] = 'C:/Program Files/Unity/Hub/Editor/2021.2.4f1/Editor/Data/MonoBleedingEdge/lib/mono/unityjit-win32'
Mono config path = 'C:/Program Files/Unity/Hub/Editor/2021.2.4f1/Editor/Data/MonoBleedingEdge/etc'
Using monoOptions --debugger-agent=transport=dt_socket,embedding=1,server=y,suspend=n,address=127.0.0.1:56052
Begin MonoManager ReloadAssembly
Registering precompiled unity dll's ...
Register platform support module: C:/Program Files/Unity/Hub/Editor/2021.2.4f1/Editor/Data/PlaybackEngines/WindowsStandaloneSupport/UnityEditor.WindowsStandalone.Extensions.dll
Registered in 0.011346 seconds.
Native extension for WindowsStandalone target not found
Refreshing native plugins compatible for Editor in 74.32 ms, found 3 plugins.
Preloading 0 native plugins for Editor in 0.00 ms.
Mono: successfully reloaded assembly
- Completed reload, in  0.548 seconds
Domain Reload Profiling:
	ReloadAssembly (548ms)
		BeginReloadAssembly (66ms)
			ExecutionOrderSort (0ms)
			DisableScriptedObjects (0ms)
			BackupInstance (0ms)
			ReleaseScriptingObjects (0ms)
			CreateAndSetChildDomain (1ms)
		EndReloadAssembly (404ms)
			LoadAssemblies (62ms)
			RebuildTransferFunctionScriptingTraits (0ms)
			SetupTypeCache (85ms)
			ReleaseScriptCaches (0ms)
			RebuildScriptCaches (24ms)
			SetupLoadedEditorAssemblies (249ms)
				LogAssemblyErrors (0ms)
				InitializePlatformSupportModulesInManaged (14ms)
				SetLoadedEditorAssemblies (0ms)
				RefreshPlugins (74ms)
				BeforeProcessingInitializeOnLoad (1ms)
				ProcessInitializeOnLoadAttributes (118ms)
				ProcessInitializeOnLoadMethodAttributes (41ms)
				AfterProcessingInitializeOnLoad (0ms)
				EditorAssembliesLoaded (0ms)
			ExecutionOrderSort2 (0ms)
			AwakeInstancesAfterBackupRestoration (0ms)
Platform modules already initialized, skipping
Registering precompiled user dll's ...
Registered in 0.011584 seconds.
Begin MonoManager ReloadAssembly
Symbol file LoadedFromMemory doesn't match image C:\Users\mcvan\Documents\GitHub\CatFish\cheryl\Library\PackageCache\com.unity.visualscripting@1.7.5\Editor\VisualScripting.Core\Dependencies\YamlDotNet\Unity.VisualScripting.YamlDotNet.dll
Symbol file LoadedFromMemory doesn't match image C:\Users\mcvan\Documents\GitHub\CatFish\cheryl\Library\PackageCache\com.unity.visualscripting@1.7.5\Editor\VisualScripting.Core\Dependencies\DotNetZip\Unity.VisualScripting.IonicZip.dll
Native extension for WindowsStandalone target not found
Refreshing native plugins compatible for Editor in 73.16 ms, found 3 plugins.
Preloading 0 native plugins for Editor in 0.00 ms.
Mono: successfully reloaded assembly
- Completed reload, in  1.281 seconds
Domain Reload Profiling:
	ReloadAssembly (1282ms)
		BeginReloadAssembly (149ms)
			ExecutionOrderSort (0ms)
			DisableScriptedObjects (5ms)
			BackupInstance (0ms)
			ReleaseScriptingObjects (0ms)
			CreateAndSetChildDomain (16ms)
		EndReloadAssembly (1046ms)
			LoadAssemblies (81ms)
			RebuildTransferFunctionScriptingTraits (0ms)
			SetupTypeCache (252ms)
			ReleaseScriptCaches (1ms)
			RebuildScriptCaches (46ms)
			SetupLoadedEditorAssemblies (578ms)
				LogAssemblyErrors (0ms)
				InitializePlatformSupportModulesInManaged (9ms)
				SetLoadedEditorAssemblies (0ms)
				RefreshPlugins (73ms)
				BeforeProcessingInitializeOnLoad (88ms)
				ProcessInitializeOnLoadAttributes (202ms)
				ProcessInitializeOnLoadMethodAttributes (198ms)
				AfterProcessingInitializeOnLoad (8ms)
				EditorAssembliesLoaded (0ms)
			ExecutionOrderSort2 (0ms)
			AwakeInstancesAfterBackupRestoration (8ms)
Platform modules already initialized, skipping
========================================================================
Worker process is ready to serve import requests
Launched and connected shader compiler UnityShaderCompiler.exe after 0.06 seconds
Refreshing native plugins compatible for Editor in 0.56 ms, found 3 plugins.
Preloading 0 native plugins for Editor in 0.00 ms.
Unloading 3873 Unused Serialized files (Serialized files now loaded: 0)
Unloading 40 unused Assets / (114.9 KB). Loaded Objects now: 4403.
Memory consumption went from 141.0 MB to 140.8 MB.
Total: 2.325000 ms (FindLiveObjects: 0.256900 ms CreateObjectMapping: 0.185000 ms MarkObjects: 1.800400 ms  DeleteObjects: 0.082100 ms)

AssetImportParameters requested are different than current active one (requested -> active):
  colorSpace: 1 -> 0
  custom:video-decoder-ogg-theora: a1e56fd34408186e4bbccfd4996cb3dc -> 
  custom:container-muxer-webm: aa71ff27fc2769a1b78a27578f13a17b -> 
  custom:container-demuxer-webm: 4f35f7cbe854078d1ac9338744f61a02 -> 
  custom:video-encoder-webm-vp8: eb34c28f22e8b96e1ab97ce403110664 -> 
  custom:video-codec-MediaFoundation-h265: 746d11721c4dcdbdad8f713fa42b33f4 -> 
  custom:audio-encoder-webm-vorbis: bf7c407c2cedff20999df2af8eb42d56 -> 
  custom:framework-win-MediaFoundation: 216162199b28c13a410421893ffa2e32 -> 
  custom:container-demuxer-ogg: 62fdf1f143b41e24485cea50d1cbac27 -> 
  custom:video-decoder-webm-vp8: 9c59270c3fd7afecdb556c50c9e8de78 -> 
  custom:graphics/active-color-space: 03000000000000000000000000000000 -> 02000000000000000000000000000000
  custom:audio-decoder-ogg-vorbis: bf7c407c2cedff20999df2af8eb42d56 -> 
========================================================================
Received Import Request.
  Time since last request: 44799.272434 seconds.
  path: Assets/Materials/hair.mat
  artifactKey: Guid(77e240d2a4ff31045bdad610e0c91709) Importer(815301076,1909f56bfc062723c751e8b465ee728b)
Start importing Assets/Materials/hair.mat using Guid(77e240d2a4ff31045bdad610e0c91709) Importer(815301076,1909f56bfc062723c751e8b465ee728b)  -> (artifact id: 'a08b77f90c046da336624d550b53d62a') in 0.170322 seconds 
========================================================================
Received Import Request.
  Time since last request: 7.408993 seconds.
  path: Assets/u3ntitled.fbx
  artifactKey: Guid(01bdf5f4da845c243ab5d43024bd3e7e) Importer(815301076,1909f56bfc062723c751e8b465ee728b)
Start importing Assets/u3ntitled.fbx using Guid(01bdf5f4da845c243ab5d43024bd3e7e) Importer(815301076,1909f56bfc062723c751e8b465ee728b)  -> (artifact id: '548e2474773c4dfe18c911a7f1302a8f') in 0.190423 seconds 
========================================================================
Received Import Request.
  Time since last request: 10.708106 seconds.
  path: Assets/u3ntitled(normalized).prefab
  artifactKey: Guid(5021d69240cdd754bbeb2c64aa145ac3) Importer(815301076,1909f56bfc062723c751e8b465ee728b)
Start importing Assets/u3ntitled(normalized).prefab using Guid(5021d69240cdd754bbeb2c64aa145ac3) Importer(815301076,1909f56bfc062723c751e8b465ee728b)  -> (artifact id: '9dbedaf5281302b4bde2b827dc4c6f72') in 0.011781 seconds 
========================================================================
Received Import Request.
  Time since last request: 17.805590 seconds.
  path: Assets/u3ntitled(normalized).prefab
  artifactKey: Guid(5021d69240cdd754bbeb2c64aa145ac3) Importer(815301076,1909f56bfc062723c751e8b465ee728b)
Start importing Assets/u3ntitled(normalized).prefab using Guid(5021d69240cdd754bbeb2c64aa145ac3) Importer(815301076,1909f56bfc062723c751e8b465ee728b)  -> (artifact id: '24c804b941ba4cc00b573556b743ac80') in 0.007445 seconds 
========================================================================
Received Import Request.
  Time since last request: 34.464160 seconds.
  path: Assets/thumbnail.png
  artifactKey: Guid(7b55e4e38c966e741a4e2ccf3a290efe) Importer(815301076,1909f56bfc062723c751e8b465ee728b)
Start importing Assets/thumbnail.png using Guid(7b55e4e38c966e741a4e2ccf3a290efe) Importer(815301076,1909f56bfc062723c751e8b465ee728b)  -> (artifact id: 'f497c4aa1b32ba832af78f38b4ee2e1c') in 0.026787 seconds 
========================================================================
Received Import Request.
  Time since last request: 109.510771 seconds.
  path: Assets/cheryl.prefab
  artifactKey: Guid(9a89e5450bede5647bf36ccba879221a) Importer(815301076,1909f56bfc062723c751e8b465ee728b)
Start importing Assets/cheryl.prefab using Guid(9a89e5450bede5647bf36ccba879221a) Importer(815301076,1909f56bfc062723c751e8b465ee728b)  -> (artifact id: 'b0f39f490f79aa19f5db2fc2b6689bde') in 0.077681 seconds 
========================================================================
Received Import Request.
  Time since last request: 22.677233 seconds.
  path: Assets/cheryl.BlendShapes/A.asset
  artifactKey: Guid(2572dd96a78d43a4283a18436bc6a948) Importer(815301076,1909f56bfc062723c751e8b465ee728b)
Start importing Assets/cheryl.BlendShapes/A.asset using Guid(2572dd96a78d43a4283a18436bc6a948) Importer(815301076,1909f56bfc062723c751e8b465ee728b)  -> (artifact id: '67f5b241130783c1e9f4d9fb8104dec9') in 0.008479 seconds 
========================================================================
Received Import Request.
  Time since last request: 0.000027 seconds.
  path: Assets/cheryl.BlendShapes/Blink_R.asset
  artifactKey: Guid(9beb5dd952551d0478285e49731f047e) Importer(815301076,1909f56bfc062723c751e8b465ee728b)
Start importing Assets/cheryl.BlendShapes/Blink_R.asset using Guid(9beb5dd952551d0478285e49731f047e) Importer(815301076,1909f56bfc062723c751e8b465ee728b)  -> (artifact id: '5af6cda115410067a213794d6aad3e91') in 0.006701 seconds 
========================================================================
Received Import Request.
  Time since last request: 0.000041 seconds.
  path: Assets/cheryl.BlendShapes/LookLeft.asset
  artifactKey: Guid(424c10945dd44dd42bd82a48dde4fa89) Importer(815301076,1909f56bfc062723c751e8b465ee728b)
Start importing Assets/cheryl.BlendShapes/LookLeft.asset using Guid(424c10945dd44dd42bd82a48dde4fa89) Importer(815301076,1909f56bfc062723c751e8b465ee728b)  -> (artifact id: 'b452c95b35e3f5f4adac47cbc5bf34c4') in 0.006696 seconds 
========================================================================
Received Import Request.
  Time since last request: 0.000018 seconds.
  path: Assets/cheryl.BlendShapes/LookRight.asset
  artifactKey: Guid(c2f41a2460c5f3644b444d2dc8ba2b8b) Importer(815301076,1909f56bfc062723c751e8b465ee728b)
Start importing Assets/cheryl.BlendShapes/LookRight.asset using Guid(c2f41a2460c5f3644b444d2dc8ba2b8b) Importer(815301076,1909f56bfc062723c751e8b465ee728b)  -> (artifact id: 'e7f718897dc5d7cdbeb5994b3e2d48b9') in 0.006004 seconds 
========================================================================
Received Import Request.
  Time since last request: 0.000018 seconds.
  path: Assets/cheryl.BlendShapes/Sorrow.asset
  artifactKey: Guid(cdcbb42c29f6bf24a971a2a1fa0ee1ce) Importer(815301076,1909f56bfc062723c751e8b465ee728b)
Start importing Assets/cheryl.BlendShapes/Sorrow.asset using Guid(cdcbb42c29f6bf24a971a2a1fa0ee1ce) Importer(815301076,1909f56bfc062723c751e8b465ee728b)  -> (artifact id: '569c59c692370540fdf5c553e9fd05c6') in 0.005826 seconds 
========================================================================
Received Import Request.
  Time since last request: 0.000015 seconds.
  path: Assets/cheryl.BlendShapes/E.asset
  artifactKey: Guid(242e1cf5ca1807948b6d1ca956667ebe) Importer(815301076,1909f56bfc062723c751e8b465ee728b)
Start importing Assets/cheryl.BlendShapes/E.asset using Guid(242e1cf5ca1807948b6d1ca956667ebe) Importer(815301076,1909f56bfc062723c751e8b465ee728b)  -> (artifact id: 'f99e90b5480332b911e555fffb2ed9e4') in 0.005455 seconds 
========================================================================
Received Import Request.
  Time since last request: 0.000016 seconds.
  path: Assets/cheryl.BlendShapes/Blink_L.asset
  artifactKey: Guid(687f03a6f5219ce40aba9cd16d809cfb) Importer(815301076,1909f56bfc062723c751e8b465ee728b)
Start importing Assets/cheryl.BlendShapes/Blink_L.asset using Guid(687f03a6f5219ce40aba9cd16d809cfb) Importer(815301076,1909f56bfc062723c751e8b465ee728b)  -> (artifact id: 'aafaa2492b3d979ee6b4a5549a67877d') in 0.005338 seconds 
========================================================================
Received Import Request.
  Time since last request: 0.000018 seconds.
  path: Assets/cheryl.BlendShapes/LookUp.asset
  artifactKey: Guid(b6ae9e2cfe8a9574ca705fff364458a0) Importer(815301076,1909f56bfc062723c751e8b465ee728b)
Start importing Assets/cheryl.BlendShapes/LookUp.asset using Guid(b6ae9e2cfe8a9574ca705fff364458a0) Importer(815301076,1909f56bfc062723c751e8b465ee728b)  -> (artifact id: '4fbb085eb9861d70209469cd278b8808') in 0.005497 seconds 
========================================================================
Received Import Request.
  Time since last request: 0.000015 seconds.
  path: Assets/cheryl.BlendShapes/LookDown.asset
  artifactKey: Guid(a32b9e9acdb08054a949be74a1681685) Importer(815301076,1909f56bfc062723c751e8b465ee728b)
Start importing Assets/cheryl.BlendShapes/LookDown.asset using Guid(a32b9e9acdb08054a949be74a1681685) Importer(815301076,1909f56bfc062723c751e8b465ee728b)  -> (artifact id: '0afc02d941c991f0494c1f54ff3b7711') in 0.005994 seconds 
Editor requested this worker to shutdown with reason: Scaling down because of idle timeout
AssetImportWorker is now disconnected from the server
Process exiting
Exiting without the bug reporter. Application will terminate with return code 0